[02-Jan-2026 07:33:04 UTC] PHP Notice:  session_start(): Ignoring session_start() because a session is already active in /home/u894882493/domains/edufyacademy.com/public_html/app/config/db.php on line 15
[02-Jan-2026 07:33:04 UTC] PHP Warning:  include(links/head.php): Failed to open stream: No such file or directory in /home/u894882493/domains/edufyacademy.com/public_html/app/apply-admission.php on line 138
[02-Jan-2026 07:33:04 UTC] PHP Warning:  include(): Failed opening 'links/head.php' for inclusion (include_path='.:/opt/alt/php82/usr/share/pear:/opt/alt/php82/usr/share/php:/usr/share/pear:/usr/share/php') in /home/u894882493/domains/edufyacademy.com/public_html/app/apply-admission.php on line 138
[02-Jan-2026 07:33:04 UTC] PHP Warning:  include(links/preloader.php): Failed to open stream: No such file or directory in /home/u894882493/domains/edufyacademy.com/public_html/app/apply-admission.php on line 142
[02-Jan-2026 07:33:04 UTC] PHP Warning:  include(): Failed opening 'links/preloader.php' for inclusion (include_path='.:/opt/alt/php82/usr/share/pear:/opt/alt/php82/usr/share/php:/usr/share/pear:/usr/share/php') in /home/u894882493/domains/edufyacademy.com/public_html/app/apply-admission.php on line 142
[02-Jan-2026 07:33:04 UTC] PHP Warning:  include(header/mobile_menu.php): Failed to open stream: No such file or directory in /home/u894882493/domains/edufyacademy.com/public_html/app/apply-admission.php on line 145
[02-Jan-2026 07:33:04 UTC] PHP Warning:  include(): Failed opening 'header/mobile_menu.php' for inclusion (include_path='.:/opt/alt/php82/usr/share/pear:/opt/alt/php82/usr/share/php:/usr/share/pear:/usr/share/php') in /home/u894882493/domains/edufyacademy.com/public_html/app/apply-admission.php on line 145
[02-Jan-2026 07:33:04 UTC] PHP Warning:  include(header/header.php): Failed to open stream: No such file or directory in /home/u894882493/domains/edufyacademy.com/public_html/app/apply-admission.php on line 148
[02-Jan-2026 07:33:04 UTC] PHP Warning:  include(): Failed opening 'header/header.php' for inclusion (include_path='.:/opt/alt/php82/usr/share/pear:/opt/alt/php82/usr/share/php:/usr/share/pear:/usr/share/php') in /home/u894882493/domains/edufyacademy.com/public_html/app/apply-admission.php on line 148
[02-Jan-2026 07:33:04 UTC] PHP Deprecated:  htmlspecialchars(): Passing null to parameter #1 ($string) of type string is deprecated in /home/u894882493/domains/edufyacademy.com/public_html/app/apply-admission.php on line 232
[02-Jan-2026 07:33:04 UTC] PHP Warning:  include(footer.php): Failed to open stream: No such file or directory in /home/u894882493/domains/edufyacademy.com/public_html/app/apply-admission.php on line 358
[02-Jan-2026 07:33:04 UTC] PHP Warning:  include(): Failed opening 'footer.php' for inclusion (include_path='.:/opt/alt/php82/usr/share/pear:/opt/alt/php82/usr/share/php:/usr/share/pear:/usr/share/php') in /home/u894882493/domains/edufyacademy.com/public_html/app/apply-admission.php on line 358
[02-Jan-2026 07:33:04 UTC] PHP Warning:  include(links/scripts.php): Failed to open stream: No such file or directory in /home/u894882493/domains/edufyacademy.com/public_html/app/apply-admission.php on line 360
[02-Jan-2026 07:33:04 UTC] PHP Warning:  include(): Failed opening 'links/scripts.php' for inclusion (include_path='.:/opt/alt/php82/usr/share/pear:/opt/alt/php82/usr/share/php:/usr/share/pear:/usr/share/php') in /home/u894882493/domains/edufyacademy.com/public_html/app/apply-admission.php on line 360
[02-Jan-2026 07:33:21 UTC] PHP Notice:  session_start(): Ignoring session_start() because a session is already active in /home/u894882493/domains/edufyacademy.com/public_html/app/config/db.php on line 15
[02-Jan-2026 17:18:58 UTC] PHP Notice:  session_start(): Ignoring session_start() because a session is already active in /home/u894882493/domains/edufyacademy.com/public_html/app/config/db.php on line 15
[02-Jan-2026 17:18:58 UTC] PHP Warning:  include(links/head.php): Failed to open stream: No such file or directory in /home/u894882493/domains/edufyacademy.com/public_html/app/apply-admission.php on line 138
[02-Jan-2026 17:18:58 UTC] PHP Warning:  include(): Failed opening 'links/head.php' for inclusion (include_path='.:/opt/alt/php82/usr/share/pear:/opt/alt/php82/usr/share/php:/usr/share/pear:/usr/share/php') in /home/u894882493/domains/edufyacademy.com/public_html/app/apply-admission.php on line 138
[02-Jan-2026 17:18:58 UTC] PHP Warning:  include(links/preloader.php): Failed to open stream: No such file or directory in /home/u894882493/domains/edufyacademy.com/public_html/app/apply-admission.php on line 142
[02-Jan-2026 17:18:58 UTC] PHP Warning:  include(): Failed opening 'links/preloader.php' for inclusion (include_path='.:/opt/alt/php82/usr/share/pear:/opt/alt/php82/usr/share/php:/usr/share/pear:/usr/share/php') in /home/u894882493/domains/edufyacademy.com/public_html/app/apply-admission.php on line 142
[02-Jan-2026 17:18:58 UTC] PHP Warning:  include(header/mobile_menu.php): Failed to open stream: No such file or directory in /home/u894882493/domains/edufyacademy.com/public_html/app/apply-admission.php on line 145
[02-Jan-2026 17:18:58 UTC] PHP Warning:  include(): Failed opening 'header/mobile_menu.php' for inclusion (include_path='.:/opt/alt/php82/usr/share/pear:/opt/alt/php82/usr/share/php:/usr/share/pear:/usr/share/php') in /home/u894882493/domains/edufyacademy.com/public_html/app/apply-admission.php on line 145
[02-Jan-2026 17:18:58 UTC] PHP Warning:  include(header/header.php): Failed to open stream: No such file or directory in /home/u894882493/domains/edufyacademy.com/public_html/app/apply-admission.php on line 148
[02-Jan-2026 17:18:58 UTC] PHP Warning:  include(): Failed opening 'header/header.php' for inclusion (include_path='.:/opt/alt/php82/usr/share/pear:/opt/alt/php82/usr/share/php:/usr/share/pear:/usr/share/php') in /home/u894882493/domains/edufyacademy.com/public_html/app/apply-admission.php on line 148
[02-Jan-2026 17:18:58 UTC] PHP Deprecated:  htmlspecialchars(): Passing null to parameter #1 ($string) of type string is deprecated in /home/u894882493/domains/edufyacademy.com/public_html/app/apply-admission.php on line 232
[02-Jan-2026 17:18:58 UTC] PHP Warning:  include(footer.php): Failed to open stream: No such file or directory in /home/u894882493/domains/edufyacademy.com/public_html/app/apply-admission.php on line 358
[02-Jan-2026 17:18:58 UTC] PHP Warning:  include(): Failed opening 'footer.php' for inclusion (include_path='.:/opt/alt/php82/usr/share/pear:/opt/alt/php82/usr/share/php:/usr/share/pear:/usr/share/php') in /home/u894882493/domains/edufyacademy.com/public_html/app/apply-admission.php on line 358
[02-Jan-2026 17:18:58 UTC] PHP Warning:  include(links/scripts.php): Failed to open stream: No such file or directory in /home/u894882493/domains/edufyacademy.com/public_html/app/apply-admission.php on line 360
[02-Jan-2026 17:18:58 UTC] PHP Warning:  include(): Failed opening 'links/scripts.php' for inclusion (include_path='.:/opt/alt/php82/usr/share/pear:/opt/alt/php82/usr/share/php:/usr/share/pear:/usr/share/php') in /home/u894882493/domains/edufyacademy.com/public_html/app/apply-admission.php on line 360
[03-Jan-2026 15:15:11 UTC] PHP Notice:  session_start(): Ignoring session_start() because a session is already active in /home/u894882493/domains/edufyacademy.com/public_html/app/config/db.php on line 15
[03-Jan-2026 15:15:11 UTC] PHP Warning:  include(links/head.php): Failed to open stream: No such file or directory in /home/u894882493/domains/edufyacademy.com/public_html/app/apply-admission.php on line 138
[03-Jan-2026 15:15:11 UTC] PHP Warning:  include(): Failed opening 'links/head.php' for inclusion (include_path='.:/opt/alt/php82/usr/share/pear:/opt/alt/php82/usr/share/php:/usr/share/pear:/usr/share/php') in /home/u894882493/domains/edufyacademy.com/public_html/app/apply-admission.php on line 138
[03-Jan-2026 15:15:11 UTC] PHP Warning:  include(links/preloader.php): Failed to open stream: No such file or directory in /home/u894882493/domains/edufyacademy.com/public_html/app/apply-admission.php on line 142
[03-Jan-2026 15:15:11 UTC] PHP Warning:  include(): Failed opening 'links/preloader.php' for inclusion (include_path='.:/opt/alt/php82/usr/share/pear:/opt/alt/php82/usr/share/php:/usr/share/pear:/usr/share/php') in /home/u894882493/domains/edufyacademy.com/public_html/app/apply-admission.php on line 142
[03-Jan-2026 15:15:11 UTC] PHP Warning:  include(header/mobile_menu.php): Failed to open stream: No such file or directory in /home/u894882493/domains/edufyacademy.com/public_html/app/apply-admission.php on line 145
[03-Jan-2026 15:15:11 UTC] PHP Warning:  include(): Failed opening 'header/mobile_menu.php' for inclusion (include_path='.:/opt/alt/php82/usr/share/pear:/opt/alt/php82/usr/share/php:/usr/share/pear:/usr/share/php') in /home/u894882493/domains/edufyacademy.com/public_html/app/apply-admission.php on line 145
[03-Jan-2026 15:15:11 UTC] PHP Warning:  include(header/header.php): Failed to open stream: No such file or directory in /home/u894882493/domains/edufyacademy.com/public_html/app/apply-admission.php on line 148
[03-Jan-2026 15:15:11 UTC] PHP Warning:  include(): Failed opening 'header/header.php' for inclusion (include_path='.:/opt/alt/php82/usr/share/pear:/opt/alt/php82/usr/share/php:/usr/share/pear:/usr/share/php') in /home/u894882493/domains/edufyacademy.com/public_html/app/apply-admission.php on line 148
[03-Jan-2026 15:15:11 UTC] PHP Deprecated:  htmlspecialchars(): Passing null to parameter #1 ($string) of type string is deprecated in /home/u894882493/domains/edufyacademy.com/public_html/app/apply-admission.php on line 232
[03-Jan-2026 15:15:11 UTC] PHP Warning:  include(footer.php): Failed to open stream: No such file or directory in /home/u894882493/domains/edufyacademy.com/public_html/app/apply-admission.php on line 358
[03-Jan-2026 15:15:11 UTC] PHP Warning:  include(): Failed opening 'footer.php' for inclusion (include_path='.:/opt/alt/php82/usr/share/pear:/opt/alt/php82/usr/share/php:/usr/share/pear:/usr/share/php') in /home/u894882493/domains/edufyacademy.com/public_html/app/apply-admission.php on line 358
[03-Jan-2026 15:15:11 UTC] PHP Warning:  include(links/scripts.php): Failed to open stream: No such file or directory in /home/u894882493/domains/edufyacademy.com/public_html/app/apply-admission.php on line 360
[03-Jan-2026 15:15:11 UTC] PHP Warning:  include(): Failed opening 'links/scripts.php' for inclusion (include_path='.:/opt/alt/php82/usr/share/pear:/opt/alt/php82/usr/share/php:/usr/share/pear:/usr/share/php') in /home/u894882493/domains/edufyacademy.com/public_html/app/apply-admission.php on line 360
[03-Jan-2026 15:15:13 UTC] PHP Notice:  session_start(): Ignoring session_start() because a session is already active in /home/u894882493/domains/edufyacademy.com/public_html/app/config/db.php on line 15
[03-Jan-2026 15:15:13 UTC] PHP Warning:  include(links/head.php): Failed to open stream: No such file or directory in /home/u894882493/domains/edufyacademy.com/public_html/app/apply-admission.php on line 138
[03-Jan-2026 15:15:13 UTC] PHP Warning:  include(): Failed opening 'links/head.php' for inclusion (include_path='.:/opt/alt/php82/usr/share/pear:/opt/alt/php82/usr/share/php:/usr/share/pear:/usr/share/php') in /home/u894882493/domains/edufyacademy.com/public_html/app/apply-admission.php on line 138
[03-Jan-2026 15:15:13 UTC] PHP Warning:  include(links/preloader.php): Failed to open stream: No such file or directory in /home/u894882493/domains/edufyacademy.com/public_html/app/apply-admission.php on line 142
[03-Jan-2026 15:15:13 UTC] PHP Warning:  include(): Failed opening 'links/preloader.php' for inclusion (include_path='.:/opt/alt/php82/usr/share/pear:/opt/alt/php82/usr/share/php:/usr/share/pear:/usr/share/php') in /home/u894882493/domains/edufyacademy.com/public_html/app/apply-admission.php on line 142
[03-Jan-2026 15:15:13 UTC] PHP Warning:  include(header/mobile_menu.php): Failed to open stream: No such file or directory in /home/u894882493/domains/edufyacademy.com/public_html/app/apply-admission.php on line 145
[03-Jan-2026 15:15:13 UTC] PHP Warning:  include(): Failed opening 'header/mobile_menu.php' for inclusion (include_path='.:/opt/alt/php82/usr/share/pear:/opt/alt/php82/usr/share/php:/usr/share/pear:/usr/share/php') in /home/u894882493/domains/edufyacademy.com/public_html/app/apply-admission.php on line 145
[03-Jan-2026 15:15:13 UTC] PHP Warning:  include(header/header.php): Failed to open stream: No such file or directory in /home/u894882493/domains/edufyacademy.com/public_html/app/apply-admission.php on line 148
[03-Jan-2026 15:15:13 UTC] PHP Warning:  include(): Failed opening 'header/header.php' for inclusion (include_path='.:/opt/alt/php82/usr/share/pear:/opt/alt/php82/usr/share/php:/usr/share/pear:/usr/share/php') in /home/u894882493/domains/edufyacademy.com/public_html/app/apply-admission.php on line 148
[03-Jan-2026 15:15:13 UTC] PHP Deprecated:  htmlspecialchars(): Passing null to parameter #1 ($string) of type string is deprecated in /home/u894882493/domains/edufyacademy.com/public_html/app/apply-admission.php on line 232
[03-Jan-2026 15:15:13 UTC] PHP Warning:  include(footer.php): Failed to open stream: No such file or directory in /home/u894882493/domains/edufyacademy.com/public_html/app/apply-admission.php on line 358
[03-Jan-2026 15:15:13 UTC] PHP Warning:  include(): Failed opening 'footer.php' for inclusion (include_path='.:/opt/alt/php82/usr/share/pear:/opt/alt/php82/usr/share/php:/usr/share/pear:/usr/share/php') in /home/u894882493/domains/edufyacademy.com/public_html/app/apply-admission.php on line 358
[03-Jan-2026 15:15:13 UTC] PHP Warning:  include(links/scripts.php): Failed to open stream: No such file or directory in /home/u894882493/domains/edufyacademy.com/public_html/app/apply-admission.php on line 360
[03-Jan-2026 15:15:13 UTC] PHP Warning:  include(): Failed opening 'links/scripts.php' for inclusion (include_path='.:/opt/alt/php82/usr/share/pear:/opt/alt/php82/usr/share/php:/usr/share/pear:/usr/share/php') in /home/u894882493/domains/edufyacademy.com/public_html/app/apply-admission.php on line 360
[03-Jan-2026 15:15:14 UTC] PHP Notice:  session_start(): Ignoring session_start() because a session is already active in /home/u894882493/domains/edufyacademy.com/public_html/app/config/db.php on line 15
[03-Jan-2026 15:15:14 UTC] PHP Warning:  include(links/head.php): Failed to open stream: No such file or directory in /home/u894882493/domains/edufyacademy.com/public_html/app/apply-admission.php on line 138
[03-Jan-2026 15:15:14 UTC] PHP Warning:  include(): Failed opening 'links/head.php' for inclusion (include_path='.:/opt/alt/php82/usr/share/pear:/opt/alt/php82/usr/share/php:/usr/share/pear:/usr/share/php') in /home/u894882493/domains/edufyacademy.com/public_html/app/apply-admission.php on line 138
[03-Jan-2026 15:15:14 UTC] PHP Warning:  include(links/preloader.php): Failed to open stream: No such file or directory in /home/u894882493/domains/edufyacademy.com/public_html/app/apply-admission.php on line 142
[03-Jan-2026 15:15:14 UTC] PHP Warning:  include(): Failed opening 'links/preloader.php' for inclusion (include_path='.:/opt/alt/php82/usr/share/pear:/opt/alt/php82/usr/share/php:/usr/share/pear:/usr/share/php') in /home/u894882493/domains/edufyacademy.com/public_html/app/apply-admission.php on line 142
[03-Jan-2026 15:15:14 UTC] PHP Warning:  include(header/mobile_menu.php): Failed to open stream: No such file or directory in /home/u894882493/domains/edufyacademy.com/public_html/app/apply-admission.php on line 145
[03-Jan-2026 15:15:14 UTC] PHP Warning:  include(): Failed opening 'header/mobile_menu.php' for inclusion (include_path='.:/opt/alt/php82/usr/share/pear:/opt/alt/php82/usr/share/php:/usr/share/pear:/usr/share/php') in /home/u894882493/domains/edufyacademy.com/public_html/app/apply-admission.php on line 145
[03-Jan-2026 15:15:14 UTC] PHP Warning:  include(header/header.php): Failed to open stream: No such file or directory in /home/u894882493/domains/edufyacademy.com/public_html/app/apply-admission.php on line 148
[03-Jan-2026 15:15:14 UTC] PHP Warning:  include(): Failed opening 'header/header.php' for inclusion (include_path='.:/opt/alt/php82/usr/share/pear:/opt/alt/php82/usr/share/php:/usr/share/pear:/usr/share/php') in /home/u894882493/domains/edufyacademy.com/public_html/app/apply-admission.php on line 148
[03-Jan-2026 15:15:14 UTC] PHP Deprecated:  htmlspecialchars(): Passing null to parameter #1 ($string) of type string is deprecated in /home/u894882493/domains/edufyacademy.com/public_html/app/apply-admission.php on line 232
[03-Jan-2026 15:15:14 UTC] PHP Warning:  include(footer.php): Failed to open stream: No such file or directory in /home/u894882493/domains/edufyacademy.com/public_html/app/apply-admission.php on line 358
[03-Jan-2026 15:15:14 UTC] PHP Warning:  include(): Failed opening 'footer.php' for inclusion (include_path='.:/opt/alt/php82/usr/share/pear:/opt/alt/php82/usr/share/php:/usr/share/pear:/usr/share/php') in /home/u894882493/domains/edufyacademy.com/public_html/app/apply-admission.php on line 358
[03-Jan-2026 15:15:14 UTC] PHP Warning:  include(links/scripts.php): Failed to open stream: No such file or directory in /home/u894882493/domains/edufyacademy.com/public_html/app/apply-admission.php on line 360
[03-Jan-2026 15:15:14 UTC] PHP Warning:  include(): Failed opening 'links/scripts.php' for inclusion (include_path='.:/opt/alt/php82/usr/share/pear:/opt/alt/php82/usr/share/php:/usr/share/pear:/usr/share/php') in /home/u894882493/domains/edufyacademy.com/public_html/app/apply-admission.php on line 360
